<?xml version="1.0" encoding="UTF-8"?>
<testsuite xmlns:xsi="http://www.w3.org/2001/XMLSchema-instance" xsi:noNamespaceSchemaLocation="https://maven.apache.org/surefire/maven-surefire-plugin/xsd/surefire-test-report-3.0.xsd" version="3.0" name="mx.com.vepormas.pruebas.ejemplo.CuentaTest" time="0.238" tests="7" errors="0" skipped="0" failures="0">
  <properties>
    <property name="java.specification.version" value="17"/>
    <property name="sun.cpu.isalist" value="amd64"/>
    <property name="sun.jnu.encoding" value="Cp1252"/>
    <property name="java.class.path" value="C:\Users\B03479\spring-framework\Ejemplos nueva arq\Pruebas unitarias y masivas\junit_ejercicio_1\target\test-classes;C:\Users\B03479\spring-framework\Ejemplos nueva arq\Pruebas unitarias y masivas\junit_ejercicio_1\target\classes;C:\Users\B03479\.m2\repository\org\junit\jupiter\junit-jupiter-engine\5.9.1\junit-jupiter-engine-5.9.1.jar;C:\Users\B03479\.m2\repository\org\junit\platform\junit-platform-engine\1.9.1\junit-platform-engine-1.9.1.jar;C:\Users\B03479\.m2\repository\org\opentest4j\opentest4j\1.2.0\opentest4j-1.2.0.jar;C:\Users\B03479\.m2\repository\org\junit\platform\junit-platform-commons\1.9.1\junit-platform-commons-1.9.1.jar;C:\Users\B03479\.m2\repository\org\junit\jupiter\junit-jupiter-api\5.9.1\junit-jupiter-api-5.9.1.jar;C:\Users\B03479\.m2\repository\org\apiguardian\apiguardian-api\1.1.2\apiguardian-api-1.1.2.jar;"/>
    <property name="java.vm.vendor" value="Oracle Corporation"/>
    <property name="sun.arch.data.model" value="64"/>
    <property name="user.variant" value=""/>
    <property name="java.vendor.url" value="https://java.oracle.com/"/>
    <property name="user.timezone" value="GMT-06:00"/>
    <property name="os.name" value="Windows 10"/>
    <property name="java.vm.specification.version" value="17"/>
    <property name="sun.java.launcher" value="SUN_STANDARD"/>
    <property name="user.country" value="MX"/>
    <property name="sun.boot.library.path" value="C:\Program Files\Java\jdk-17\bin"/>
    <property name="sun.java.command" value="C:\Users\B03479\AppData\Local\Temp\surefire6466956093097804282\surefirebooter-20230822103749614_3.jar C:\Users\B03479\AppData\Local\Temp\surefire6466956093097804282 2023-08-22T10-37-48_898-jvmRun1 surefire-20230822103749614_1tmp surefire_0-20230822103749614_2tmp"/>
    <property name="jdk.debug" value="release"/>
    <property name="surefire.test.class.path" value="C:\Users\B03479\spring-framework\Ejemplos nueva arq\Pruebas unitarias y masivas\junit_ejercicio_1\target\test-classes;C:\Users\B03479\spring-framework\Ejemplos nueva arq\Pruebas unitarias y masivas\junit_ejercicio_1\target\classes;C:\Users\B03479\.m2\repository\org\junit\jupiter\junit-jupiter-engine\5.9.1\junit-jupiter-engine-5.9.1.jar;C:\Users\B03479\.m2\repository\org\junit\platform\junit-platform-engine\1.9.1\junit-platform-engine-1.9.1.jar;C:\Users\B03479\.m2\repository\org\opentest4j\opentest4j\1.2.0\opentest4j-1.2.0.jar;C:\Users\B03479\.m2\repository\org\junit\platform\junit-platform-commons\1.9.1\junit-platform-commons-1.9.1.jar;C:\Users\B03479\.m2\repository\org\junit\jupiter\junit-jupiter-api\5.9.1\junit-jupiter-api-5.9.1.jar;C:\Users\B03479\.m2\repository\org\apiguardian\apiguardian-api\1.1.2\apiguardian-api-1.1.2.jar;"/>
    <property name="sun.cpu.endian" value="little"/>
    <property name="user.home" value="C:\Users\B03479"/>
    <property name="user.language" value="es"/>
    <property name="java.specification.vendor" value="Oracle Corporation"/>
    <property name="java.version.date" value="2023-04-18"/>
    <property name="java.home" value="C:\Program Files\Java\jdk-17"/>
    <property name="file.separator" value="\"/>
    <property name="basedir" value="C:\Users\B03479\spring-framework\Ejemplos nueva arq\Pruebas unitarias y masivas\junit_ejercicio_1"/>
    <property name="java.vm.compressedOopsMode" value="Zero based"/>
    <property name="line.separator" value="&#10;"/>
    <property name="java.vm.specification.vendor" value="Oracle Corporation"/>
    <property name="java.specification.name" value="Java Platform API Specification"/>
    <property name="surefire.real.class.path" value="C:\Users\B03479\AppData\Local\Temp\surefire6466956093097804282\surefirebooter-20230822103749614_3.jar"/>
    <property name="user.script" value=""/>
    <property name="sun.management.compiler" value="HotSpot 64-Bit Tiered Compilers"/>
    <property name="java.runtime.version" value="17.0.7+8-LTS-224"/>
    <property name="user.name" value="B03479"/>
    <property name="path.separator" value=";"/>
    <property name="os.version" value="10.0"/>
    <property name="java.runtime.name" value="Java(TM) SE Runtime Environment"/>
    <property name="file.encoding" value="Cp1252"/>
    <property name="java.vm.name" value="Java HotSpot(TM) 64-Bit Server VM"/>
    <property name="localRepository" value="C:\Users\B03479\.m2\repository"/>
    <property name="java.vendor.url.bug" value="https://bugreport.java.com/bugreport/"/>
    <property name="java.io.tmpdir" value="C:\Users\B03479\AppData\Local\Temp\"/>
    <property name="java.version" value="17.0.7"/>
    <property name="user.dir" value="C:\Users\B03479\spring-framework\Ejemplos nueva arq\Pruebas unitarias y masivas\junit_ejercicio_1"/>
    <property name="os.arch" value="amd64"/>
    <property name="java.vm.specification.name" value="Java Virtual Machine Specification"/>
    <property name="sun.os.patch.level" value=""/>
    <property name="native.encoding" value="Cp1252"/>
    <property name="java.library.path" value="C:\Program Files\Java\jdk-17\bin;C:\Windows\Sun\Java\bin;C:\Windows\system32;C:\Windows;C:\Program Files\Common Files\Oracle\Java\javapath;C:\Program Files (x86)\Common Files\Oracle\Java\javapath;C:\Program Files\Microsoft MPI\Bin\;C:\Windows\system32;C:\Windows;C:\Windows\System32\Wbem;C:\Windows\System32\WindowsPowerShell\v1.0\;C:\Windows\System32\OpenSSH\;C:\Program Files (x86)\Intel\Intel(R) Management Engine Components\DAL;C:\Program Files\Intel\Intel(R) Management Engine Components\DAL;C:\Program Files\PuTTY\;C:\Program Files\Azure Data Studio\bin;C:\apache-maven-3.8.6\bin;C:\Program Files (x86)\Microsoft SQL Server\150\Tools\Binn\;C:\Program Files\Microsoft SQL Server\150\Tools\Binn\;C:\Program Files (x86)\Microsoft SQL Server\150\DTS\Binn\;C:\Program Files\Microsoft SQL Server\150\DTS\Binn\;C:\Program Files\Microsoft SQL Server\Client SDK\ODBC\170\Tools\Binn\;C:\Program Files\nodejs\;C:\Program Files\Docker\Docker\resources\bin;C:\Users\B03479\AppData\Local\Microsoft\WindowsApps;C:\Users\B03479\AppData\Local\Programs\Git\cmd;C:\Users\B03479\AppData\Roaming\npm;C:\Users\B03479\AppData\Local\Programs\Microsoft VS Code\bin;C:\msys64\mingw64\bin;."/>
    <property name="java.vm.info" value="mixed mode, sharing"/>
    <property name="java.vendor" value="Oracle Corporation"/>
    <property name="java.vm.version" value="17.0.7+8-LTS-224"/>
    <property name="sun.io.unicode.encoding" value="UnicodeLittle"/>
    <property name="java.class.version" value="61.0"/>
  </properties>
  <testcase name="testCreditoCuenta" classname="mx.com.vepormas.pruebas.ejemplo.CuentaTest" time="0.1">
    <system-out><![CDATA[Iniciando pruebas

Test ejecutado
]]></system-out>
  </testcase>
  <testcase name="testDebitoCuenta" classname="mx.com.vepormas.pruebas.ejemplo.CuentaTest" time="0.003">
    <system-out><![CDATA[Test ejecutado
]]></system-out>
  </testcase>
  <testcase name="testTransferirDineroCuentas" classname="mx.com.vepormas.pruebas.ejemplo.CuentaTest" time="0.003">
    <system-out><![CDATA[Test ejecutado
]]></system-out>
  </testcase>
  <testcase name="testSaldoCuenta" classname="mx.com.vepormas.pruebas.ejemplo.CuentaTest" time="0.003">
    <system-out><![CDATA[Test ejecutado
]]></system-out>
  </testcase>
  <testcase name="DineroInsuficienteException" classname="mx.com.vepormas.pruebas.ejemplo.CuentaTest" time="0.006">
    <system-out><![CDATA[Test ejecutado
]]></system-out>
  </testcase>
  <testcase name="testRelacionBancoCuentas" classname="mx.com.vepormas.pruebas.ejemplo.CuentaTest" time="0.012">
    <system-out><![CDATA[Test ejecutado
]]></system-out>
  </testcase>
  <testcase name="testNombreCuenta" classname="mx.com.vepormas.pruebas.ejemplo.CuentaTest" time="0.002">
    <system-out><![CDATA[Test ejecutado
]]></system-out>
  </testcase>
</testsuite>